{"/home/choice/notes-api-devsecops/src/app.js": {"path":"/home/choice/notes-api-devsecops/src/app.js","statementMap":{"0":{"start":{"line":1,"column":16},"end":{"line":1,"column":34}},"1":{"start":{"line":2,"column":20},"end":{"line":2,"column":45}},"2":{"start":{"line":4,"column":12},"end":{"line":4,"column":21}},"3":{"start":{"line":7,"column":0},"end":{"line":7,"column":23}},"4":{"start":{"line":10,"column":0},"end":{"line":17,"column":2}},"5":{"start":{"line":11,"column":2},"end":{"line":16,"column":4}},"6":{"start":{"line":20,"column":0},"end":{"line":20,"column":34}},"7":{"start":{"line":23,"column":0},"end":{"line":25,"column":2}},"8":{"start":{"line":24,"column":2},"end":{"line":24,"column":80}},"9":{"start":{"line":27,"column":0},"end":{"line":27,"column":20}}},"fnMap":{"0":{"name":"(anonymous_0)","decl":{"start":{"line":10,"column":19},"end":{"line":10,"column":20}},"loc":{"start":{"line":10,"column":33},"end":{"line":17,"column":1}},"line":10},"1":{"name":"(anonymous_1)","decl":{"start":{"line":23,"column":8},"end":{"line":23,"column":9}},"loc":{"start":{"line":23,"column":22},"end":{"line":25,"column":1}},"line":23}},"branchMap":{"0":{"loc":{"start":{"line":15,"column":13},"end":{"line":15,"column":47}},"type":"binary-expr","locations":[{"start":{"line":15,"column":13},"end":{"line":15,"column":36}},{"start":{"line":15,"column":40},"end":{"line":15,"column":47}}],"line":15}},"s":{"0":2,"1":2,"2":2,"3":2,"4":2,"5":1,"6":2,"7":2,"8":1,"9":2},"f":{"0":1,"1":1},"b":{"0":[1,1]},"_coverageSchema":"1a1c01bbd47fc00a2c39e90264f33305004495a9","hash":"210492cd7b8b81ede93e8e10631dd6de59eab0e3"}
,"/home/choice/notes-api-devsecops/src/index.js": {"path":"/home/choice/notes-api-devsecops/src/index.js","statementMap":{"0":{"start":{"line":1,"column":12},"end":{"line":1,"column":28}},"1":{"start":{"line":3,"column":13},"end":{"line":3,"column":37}},"2":{"start":{"line":5,"column":0},"end":{"line":10,"column":2}},"3":{"start":{"line":7,"column":2},"end":{"line":7,"column":50}},"4":{"start":{"line":9,"column":2},"end":{"line":9,"column":62}}},"fnMap":{"0":{"name":"(anonymous_0)","decl":{"start":{"line":5,"column":17},"end":{"line":5,"column":18}},"loc":{"start":{"line":5,"column":23},"end":{"line":10,"column":1}},"line":5}},"branchMap":{"0":{"loc":{"start":{"line":3,"column":13},"end":{"line":3,"column":37}},"type":"binary-expr","locations":[{"start":{"line":3,"column":13},"end":{"line":3,"column":29}},{"start":{"line":3,"column":33},"end":{"line":3,"column":37}}],"line":3}},"s":{"0":0,"1":0,"2":0,"3":0,"4":0},"f":{"0":0},"b":{"0":[0,0]}}
,"/home/choice/notes-api-devsecops/src/routes/notes.js": {"path":"/home/choice/notes-api-devsecops/src/routes/notes.js","statementMap":{"0":{"start":{"line":1,"column":16},"end":{"line":1,"column":34}},"1":{"start":{"line":2,"column":15},"end":{"line":2,"column":31}},"2":{"start":{"line":5,"column":12},"end":{"line":5,"column":14}},"3":{"start":{"line":6,"column":13},"end":{"line":6,"column":14}},"4":{"start":{"line":9,"column":0},"end":{"line":11,"column":2}},"5":{"start":{"line":10,"column":2},"end":{"line":10,"column":63}},"6":{"start":{"line":14,"column":0},"end":{"line":20,"column":2}},"7":{"start":{"line":15,"column":15},"end":{"line":15,"column":64}},"8":{"start":{"line":15,"column":31},"end":{"line":15,"column":63}},"9":{"start":{"line":16,"column":2},"end":{"line":18,"column":3}},"10":{"start":{"line":17,"column":4},"end":{"line":17,"column":76}},"11":{"start":{"line":19,"column":2},"end":{"line":19,"column":41}},"12":{"start":{"line":23,"column":0},"end":{"line":39,"column":2}},"13":{"start":{"line":24,"column":26},"end":{"line":24,"column":34}},"14":{"start":{"line":25,"column":2},"end":{"line":30,"column":3}},"15":{"start":{"line":26,"column":4},"end":{"line":29,"column":6}},"16":{"start":{"line":31,"column":15},"end":{"line":36,"column":3}},"17":{"start":{"line":37,"column":2},"end":{"line":37,"column":18}},"18":{"start":{"line":38,"column":2},"end":{"line":38,"column":53}},"19":{"start":{"line":42,"column":0},"end":{"line":55,"column":2}},"20":{"start":{"line":43,"column":16},"end":{"line":43,"column":70}},"21":{"start":{"line":43,"column":37},"end":{"line":43,"column":69}},"22":{"start":{"line":44,"column":2},"end":{"line":46,"column":3}},"23":{"start":{"line":45,"column":4},"end":{"line":45,"column":76}},"24":{"start":{"line":47,"column":26},"end":{"line":47,"column":34}},"25":{"start":{"line":48,"column":2},"end":{"line":53,"column":3}},"26":{"start":{"line":54,"column":2},"end":{"line":54,"column":49}},"27":{"start":{"line":58,"column":0},"end":{"line":65,"column":2}},"28":{"start":{"line":59,"column":16},"end":{"line":59,"column":70}},"29":{"start":{"line":59,"column":37},"end":{"line":59,"column":69}},"30":{"start":{"line":60,"column":2},"end":{"line":62,"column":3}},"31":{"start":{"line":61,"column":4},"end":{"line":61,"column":76}},"32":{"start":{"line":63,"column":2},"end":{"line":63,"column":24}},"33":{"start":{"line":64,"column":2},"end":{"line":64,"column":54}},"34":{"start":{"line":68,"column":0},"end":{"line":68,"column":52}},"35":{"start":{"line":68,"column":28},"end":{"line":68,"column":39}},"36":{"start":{"line":68,"column":40},"end":{"line":68,"column":50}},"37":{"start":{"line":70,"column":0},"end":{"line":70,"column":23}}},"fnMap":{"0":{"name":"(anonymous_0)","decl":{"start":{"line":9,"column":16},"end":{"line":9,"column":17}},"loc":{"start":{"line":9,"column":30},"end":{"line":11,"column":1}},"line":9},"1":{"name":"(anonymous_1)","decl":{"start":{"line":14,"column":19},"end":{"line":14,"column":20}},"loc":{"start":{"line":14,"column":33},"end":{"line":20,"column":1}},"line":14},"2":{"name":"(anonymous_2)","decl":{"start":{"line":15,"column":26},"end":{"line":15,"column":27}},"loc":{"start":{"line":15,"column":31},"end":{"line":15,"column":63}},"line":15},"3":{"name":"(anonymous_3)","decl":{"start":{"line":23,"column":17},"end":{"line":23,"column":18}},"loc":{"start":{"line":23,"column":31},"end":{"line":39,"column":1}},"line":23},"4":{"name":"(anonymous_4)","decl":{"start":{"line":42,"column":19},"end":{"line":42,"column":20}},"loc":{"start":{"line":42,"column":33},"end":{"line":55,"column":1}},"line":42},"5":{"name":"(anonymous_5)","decl":{"start":{"line":43,"column":32},"end":{"line":43,"column":33}},"loc":{"start":{"line":43,"column":37},"end":{"line":43,"column":69}},"line":43},"6":{"name":"(anonymous_6)","decl":{"start":{"line":58,"column":22},"end":{"line":58,"column":23}},"loc":{"start":{"line":58,"column":36},"end":{"line":65,"column":1}},"line":58},"7":{"name":"(anonymous_7)","decl":{"start":{"line":59,"column":32},"end":{"line":59,"column":33}},"loc":{"start":{"line":59,"column":37},"end":{"line":59,"column":69}},"line":59},"8":{"name":"(anonymous_8)","decl":{"start":{"line":68,"column":20},"end":{"line":68,"column":21}},"loc":{"start":{"line":68,"column":26},"end":{"line":68,"column":52}},"line":68}},"branchMap":{"0":{"loc":{"start":{"line":16,"column":2},"end":{"line":18,"column":3}},"type":"if","locations":[{"start":{"line":16,"column":2},"end":{"line":18,"column":3}},{"start":{},"end":{}}],"line":16},"1":{"loc":{"start":{"line":25,"column":2},"end":{"line":30,"column":3}},"type":"if","locations":[{"start":{"line":25,"column":2},"end":{"line":30,"column":3}},{"start":{},"end":{}}],"line":25},"2":{"loc":{"start":{"line":25,"column":6},"end":{"line":25,"column":21}},"type":"binary-expr","locations":[{"start":{"line":25,"column":6},"end":{"line":25,"column":12}},{"start":{"line":25,"column":16},"end":{"line":25,"column":21}}],"line":25},"3":{"loc":{"start":{"line":44,"column":2},"end":{"line":46,"column":3}},"type":"if","locations":[{"start":{"line":44,"column":2},"end":{"line":46,"column":3}},{"start":{},"end":{}}],"line":44},"4":{"loc":{"start":{"line":50,"column":11},"end":{"line":50,"column":38}},"type":"binary-expr","locations":[{"start":{"line":50,"column":11},"end":{"line":50,"column":16}},{"start":{"line":50,"column":20},"end":{"line":50,"column":38}}],"line":50},"5":{"loc":{"start":{"line":51,"column":10},"end":{"line":51,"column":35}},"type":"binary-expr","locations":[{"start":{"line":51,"column":10},"end":{"line":51,"column":14}},{"start":{"line":51,"column":18},"end":{"line":51,"column":35}}],"line":51},"6":{"loc":{"start":{"line":60,"column":2},"end":{"line":62,"column":3}},"type":"if","locations":[{"start":{"line":60,"column":2},"end":{"line":62,"column":3}},{"start":{},"end":{}}],"line":60}},"s":{"0":2,"1":2,"2":2,"3":2,"4":2,"5":1,"6":2,"7":2,"8":1,"9":2,"10":1,"11":1,"12":2,"13":6,"14":6,"15":2,"16":4,"17":4,"18":4,"19":2,"20":2,"21":1,"22":2,"23":1,"24":1,"25":1,"26":1,"27":2,"28":2,"29":1,"30":2,"31":1,"32":1,"33":1,"34":2,"35":10,"36":10,"37":2},"f":{"0":1,"1":2,"2":1,"3":6,"4":2,"5":1,"6":2,"7":1,"8":10},"b":{"0":[1,1],"1":[2,4],"2":[6,5],"3":[1,1],"4":[1,0],"5":[1,1],"6":[1,1]},"_coverageSchema":"1a1c01bbd47fc00a2c39e90264f33305004495a9","hash":"d54a473fe3a5b1ac0fa770cacbb3716b26bb6d91"}
}
