TN:
SF:src/app.js
FN:10,(anonymous_0)
FN:23,(anonymous_1)
FNF:2
FNH:2
FNDA:1,(anonymous_0)
FNDA:1,(anonymous_1)
DA:1,2
DA:2,2
DA:4,2
DA:7,2
DA:10,2
DA:11,1
DA:20,2
DA:23,2
DA:24,1
DA:27,2
LF:10
LH:10
BRDA:15,0,0,1
BRDA:15,0,1,1
BRF:2
BRH:2
end_of_record
TN:
SF:src/index.js
FN:5,(anonymous_0)
FNF:1
FNH:0
FNDA:0,(anonymous_0)
DA:1,0
DA:3,0
DA:5,0
DA:7,0
DA:9,0
LF:5
LH:0
BRDA:3,0,0,0
BRDA:3,0,1,0
BRF:2
BRH:0
end_of_record
TN:
SF:src/routes/notes.js
FN:9,(anonymous_0)
FN:14,(anonymous_1)
FN:15,(anonymous_2)
FN:23,(anonymous_3)
FN:42,(anonymous_4)
FN:43,(anonymous_5)
FN:58,(anonymous_6)
FN:59,(anonymous_7)
FN:68,(anonymous_8)
FNF:9
FNH:9
FNDA:1,(anonymous_0)
FNDA:2,(anonymous_1)
FNDA:1,(anonymous_2)
FNDA:6,(anonymous_3)
FNDA:2,(anonymous_4)
FNDA:1,(anonymous_5)
FNDA:2,(anonymous_6)
FNDA:1,(anonymous_7)
FNDA:10,(anonymous_8)
DA:1,2
DA:2,2
DA:5,2
DA:6,2
DA:9,2
DA:10,1
DA:14,2
DA:15,2
DA:16,2
DA:17,1
DA:19,1
DA:23,2
DA:24,6
DA:25,6
DA:26,2
DA:31,4
DA:37,4
DA:38,4
DA:42,2
DA:43,2
DA:44,2
DA:45,1
DA:47,1
DA:48,1
DA:54,1
DA:58,2
DA:59,2
DA:60,2
DA:61,1
DA:63,1
DA:64,1
DA:68,10
DA:70,2
LF:33
LH:33
BRDA:16,0,0,1
BRDA:16,0,1,1
BRDA:25,1,0,2
BRDA:25,1,1,4
BRDA:25,2,0,6
BRDA:25,2,1,5
BRDA:44,3,0,1
BRDA:44,3,1,1
BRDA:50,4,0,1
BRDA:50,4,1,0
BRDA:51,5,0,1
BRDA:51,5,1,1
BRDA:60,6,0,1
BRDA:60,6,1,1
BRF:14
BRH:13
end_of_record
